[0.767s] Invoking command in '/home/justin/glove_ROS/src/telekinesis': PYTHONPATH=/home/justin/glove_ROS/build/telekinesis/prefix_override:/usr/lib/python3/dist-packages/colcon_core/task/python/colcon_distutils_commands:/home/justin/glove_ROS/install/telekinesis/lib/python3.10/site-packages:${PYTHONPATH} /usr/bin/python3 -W ignore:setup.py install is deprecated -W ignore:easy_install command is deprecated setup.py egg_info --egg-base ../../build/telekinesis build --build-base /home/justin/glove_ROS/build/telekinesis/build install --record /home/justin/glove_ROS/build/telekinesis/install.log --single-version-externally-managed install_data
[0.977s] running egg_info
[0.978s] writing ../../build/telekinesis/telekinesis.egg-info/PKG-INFO
[0.978s] writing dependency_links to ../../build/telekinesis/telekinesis.egg-info/dependency_links.txt
[0.979s] writing entry points to ../../build/telekinesis/telekinesis.egg-info/entry_points.txt
[0.979s] writing requirements to ../../build/telekinesis/telekinesis.egg-info/requires.txt
[0.979s] writing top-level names to ../../build/telekinesis/telekinesis.egg-info/top_level.txt
[0.980s] reading manifest file '../../build/telekinesis/telekinesis.egg-info/SOURCES.txt'
[0.981s] writing manifest file '../../build/telekinesis/telekinesis.egg-info/SOURCES.txt'
[0.981s] running build
[0.981s] running build_py
[0.981s] running install
[0.981s] running install_lib
[0.982s] running install_data
[0.982s] running install_egg_info
[0.984s] removing '/home/justin/glove_ROS/install/telekinesis/lib/python3.10/site-packages/telekinesis-0.0.0-py3.10.egg-info' (and everything under it)
[0.984s] Copying ../../build/telekinesis/telekinesis.egg-info to /home/justin/glove_ROS/install/telekinesis/lib/python3.10/site-packages/telekinesis-0.0.0-py3.10.egg-info
[0.985s] running install_scripts
[1.003s] Installing leap_ik script to /home/justin/glove_ROS/install/telekinesis/lib/telekinesis
[1.003s] writing list of installed files to '/home/justin/glove_ROS/build/telekinesis/install.log'
