[0.774s] Invoking command in '/home/justin/glove_ROS/src/glove': PYTHONPATH=/home/justin/glove_ROS/build/glove/prefix_override:/usr/lib/python3/dist-packages/colcon_core/task/python/colcon_distutils_commands:/home/justin/glove_ROS/install/glove/lib/python3.10/site-packages:${PYTHONPATH} /usr/bin/python3 -W ignore:setup.py install is deprecated -W ignore:easy_install command is deprecated setup.py egg_info --egg-base ../../build/glove build --build-base /home/justin/glove_ROS/build/glove/build install --record /home/justin/glove_ROS/build/glove/install.log --single-version-externally-managed install_data
[0.982s] running egg_info
[0.982s] writing ../../build/glove/glove.egg-info/PKG-INFO
[0.983s] writing dependency_links to ../../build/glove/glove.egg-info/dependency_links.txt
[0.983s] writing entry points to ../../build/glove/glove.egg-info/entry_points.txt
[0.983s] writing requirements to ../../build/glove/glove.egg-info/requires.txt
[0.983s] writing top-level names to ../../build/glove/glove.egg-info/top_level.txt
[0.985s] reading manifest file '../../build/glove/glove.egg-info/SOURCES.txt'
[0.986s] writing manifest file '../../build/glove/glove.egg-info/SOURCES.txt'
[0.986s] running build
[0.986s] running build_py
[0.987s] running install
[0.987s] running install_lib
[0.988s] running install_data
[0.988s] running install_egg_info
[0.989s] removing '/home/justin/glove_ROS/install/glove/lib/python3.10/site-packages/glove-0.0.0-py3.10.egg-info' (and everything under it)
[0.990s] Copying ../../build/glove/glove.egg-info to /home/justin/glove_ROS/install/glove/lib/python3.10/site-packages/glove-0.0.0-py3.10.egg-info
[0.990s] running install_scripts
[1.008s] Installing read_and_send script to /home/justin/glove_ROS/install/glove/lib/glove
[1.008s] Installing read_and_send_zmq script to /home/justin/glove_ROS/install/glove/lib/glove
[1.009s] writing list of installed files to '/home/justin/glove_ROS/build/glove/install.log'
[1.053s] Invoked command in '/home/justin/glove_ROS/src/glove' returned '0': PYTHONPATH=/home/justin/glove_ROS/build/glove/prefix_override:/usr/lib/python3/dist-packages/colcon_core/task/python/colcon_distutils_commands:/home/justin/glove_ROS/install/glove/lib/python3.10/site-packages:${PYTHONPATH} /usr/bin/python3 -W ignore:setup.py install is deprecated -W ignore:easy_install command is deprecated setup.py egg_info --egg-base ../../build/glove build --build-base /home/justin/glove_ROS/build/glove/build install --record /home/justin/glove_ROS/build/glove/install.log --single-version-externally-managed install_data
