[0.146s] DEBUG:colcon:Command line arguments: ['/usr/bin/colcon', 'build']
[0.146s] DEBUG:colcon:Parsed command line arguments: Namespace(log_base=None, log_level=None, verb_name='build', build_base='build', install_base='install', merge_install=False, symlink_install=False, test_result_base=None, continue_on_error=False, executor='parallel', parallel_workers=8, event_handlers=None, ignore_user_meta=False, metas=['./colcon.meta'], base_paths=['.'], packages_ignore=None, packages_ignore_regex=None, paths=None, packages_up_to=None, packages_up_to_regex=None, packages_above=None, packages_above_and_dependencies=None, packages_above_depth=None, packages_select_by_dep=None, packages_skip_by_dep=None, packages_skip_up_to=None, packages_select_build_failed=False, packages_skip_build_finished=False, packages_select_test_failures=False, packages_skip_test_passed=False, packages_select=None, packages_skip=None, packages_select_regex=None, packages_skip_regex=None, packages_start=None, packages_end=None, allow_overriding=[], cmake_args=None, cmake_target=None, cmake_target_skip_unavailable=False, cmake_clean_cache=False, cmake_clean_first=False, cmake_force_configure=False, ament_cmake_args=None, catkin_cmake_args=None, catkin_skip_building_tests=False, mixin_files=None, mixin=None, verb_parser=<colcon_mixin.mixin.mixin_argument.MixinArgumentDecorator object at 0x7f508f9c4f40>, verb_extension=<colcon_core.verb.build.BuildVerb object at 0x7f508fb55e70>, main=<bound method BuildVerb.main of <colcon_core.verb.build.BuildVerb object at 0x7f508fb55e70>>, mixin_verb=('build',))
[0.288s] Level 1:colcon.colcon_core.package_discovery:discover_packages(colcon_meta) check parameters
[0.289s] Level 1:colcon.colcon_core.package_discovery:discover_packages(recursive) check parameters
[0.289s] Level 1:colcon.colcon_core.package_discovery:discover_packages(ignore) check parameters
[0.289s] Level 1:colcon.colcon_core.package_discovery:discover_packages(path) check parameters
[0.289s] Level 1:colcon.colcon_core.package_discovery:discover_packages(colcon_meta) discover
[0.289s] Level 1:colcon.colcon_core.package_discovery:discover_packages(recursive) discover
[0.289s] INFO:colcon.colcon_core.package_discovery:Crawling recursively for packages in '/home/justin/glove_ROS'
[0.289s] Level 1:colcon.colcon_core.package_identification:_identify(.) by extensions ['ignore', 'ignore_ament_install']
[0.289s] Level 1:colcon.colcon_core.package_identification:_identify(.) by extension 'ignore'
[0.289s] Level 1:colcon.colcon_core.package_identification:_identify(.) by extension 'ignore_ament_install'
[0.289s] Level 1:colcon.colcon_core.package_identification:_identify(.) by extensions ['colcon_pkg']
[0.289s] Level 1:colcon.colcon_core.package_identification:_identify(.) by extension 'colcon_pkg'
[0.289s] Level 1:colcon.colcon_core.package_identification:_identify(.) by extensions ['colcon_meta']
[0.289s] Level 1:colcon.colcon_core.package_identification:_identify(.) by extension 'colcon_meta'
[0.289s] Level 1:colcon.colcon_core.package_identification:_identify(.) by extensions ['ros']
[0.289s] Level 1:colcon.colcon_core.package_identification:_identify(.) by extension 'ros'
[0.298s] Level 1:colcon.colcon_core.package_identification:_identify(.) by extensions ['cmake', 'python']
[0.298s] Level 1:colcon.colcon_core.package_identification:_identify(.) by extension 'cmake'
[0.298s] Level 1:colcon.colcon_core.package_identification:_identify(.) by extension 'python'
[0.298s] Level 1:colcon.colcon_core.package_identification:_identify(.) by extensions ['python_setup_py']
[0.298s] Level 1:colcon.colcon_core.package_identification:_identify(.) by extension 'python_setup_py'
[0.298s] Level 1:colcon.colcon_core.package_identification:_identify(build) by extensions ['ignore', 'ignore_ament_install']
[0.298s] Level 1:colcon.colcon_core.package_identification:_identify(build) by extension 'ignore'
[0.298s] Level 1:colcon.colcon_core.package_identification:_identify(build) ignored
[0.298s] Level 1:colcon.colcon_core.package_identification:_identify(install) by extensions ['ignore', 'ignore_ament_install']
[0.298s] Level 1:colcon.colcon_core.package_identification:_identify(install) by extension 'ignore'
[0.299s] Level 1:colcon.colcon_core.package_identification:_identify(install) ignored
[0.299s] Level 1:colcon.colcon_core.package_identification:_identify(log) by extensions ['ignore', 'ignore_ament_install']
[0.299s] Level 1:colcon.colcon_core.package_identification:_identify(log) by extension 'ignore'
[0.299s] Level 1:colcon.colcon_core.package_identification:_identify(log) ignored
[0.299s] Level 1:colcon.colcon_core.package_identification:_identify(src) by extensions ['ignore', 'ignore_ament_install']
[0.299s] Level 1:colcon.colcon_core.package_identification:_identify(src) by extension 'ignore'
[0.299s] Level 1:colcon.colcon_core.package_identification:_identify(src) by extension 'ignore_ament_install'
[0.299s] Level 1:colcon.colcon_core.package_identification:_identify(src) by extensions ['colcon_pkg']
[0.299s] Level 1:colcon.colcon_core.package_identification:_identify(src) by extension 'colcon_pkg'
[0.299s] Level 1:colcon.colcon_core.package_identification:_identify(src) by extensions ['colcon_meta']
[0.299s] Level 1:colcon.colcon_core.package_identification:_identify(src) by extension 'colcon_meta'
[0.299s] Level 1:colcon.colcon_core.package_identification:_identify(src) by extensions ['ros']
[0.299s] Level 1:colcon.colcon_core.package_identification:_identify(src) by extension 'ros'
[0.299s] Level 1:colcon.colcon_core.package_identification:_identify(src) by extensions ['cmake', 'python']
[0.299s] Level 1:colcon.colcon_core.package_identification:_identify(src) by extension 'cmake'
[0.299s] Level 1:colcon.colcon_core.package_identification:_identify(src) by extension 'python'
[0.299s] Level 1:colcon.colcon_core.package_identification:_identify(src) by extensions ['python_setup_py']
[0.299s] Level 1:colcon.colcon_core.package_identification:_identify(src) by extension 'python_setup_py'
[0.299s] Level 1:colcon.colcon_core.package_identification:_identify(src/build) by extensions ['ignore', 'ignore_ament_install']
[0.299s] Level 1:colcon.colcon_core.package_identification:_identify(src/build) by extension 'ignore'
[0.299s] Level 1:colcon.colcon_core.package_identification:_identify(src/build) ignored
[0.300s] Level 1:colcon.colcon_core.package_identification:_identify(src/glove) by extensions ['ignore', 'ignore_ament_install']
[0.300s] Level 1:colcon.colcon_core.package_identification:_identify(src/glove) by extension 'ignore'
[0.300s] Level 1:colcon.colcon_core.package_identification:_identify(src/glove) by extension 'ignore_ament_install'
[0.300s] Level 1:colcon.colcon_core.package_identification:_identify(src/glove) by extensions ['colcon_pkg']
[0.300s] Level 1:colcon.colcon_core.package_identification:_identify(src/glove) by extension 'colcon_pkg'
[0.300s] Level 1:colcon.colcon_core.package_identification:_identify(src/glove) by extensions ['colcon_meta']
[0.300s] Level 1:colcon.colcon_core.package_identification:_identify(src/glove) by extension 'colcon_meta'
[0.300s] Level 1:colcon.colcon_core.package_identification:_identify(src/glove) by extensions ['ros']
[0.300s] Level 1:colcon.colcon_core.package_identification:_identify(src/glove) by extension 'ros'
[0.302s] DEBUG:colcon.colcon_core.package_identification:Package 'src/glove' with type 'ros.ament_python' and name 'glove'
[0.302s] Level 1:colcon.colcon_core.package_identification:_identify(src/install) by extensions ['ignore', 'ignore_ament_install']
[0.302s] Level 1:colcon.colcon_core.package_identification:_identify(src/install) by extension 'ignore'
[0.302s] Level 1:colcon.colcon_core.package_identification:_identify(src/install) ignored
[0.302s] Level 1:colcon.colcon_core.package_identification:_identify(src/launch) by extensions ['ignore', 'ignore_ament_install']
[0.302s] Level 1:colcon.colcon_core.package_identification:_identify(src/launch) by extension 'ignore'
[0.302s] Level 1:colcon.colcon_core.package_identification:_identify(src/launch) by extension 'ignore_ament_install'
[0.302s] Level 1:colcon.colcon_core.package_identification:_identify(src/launch) by extensions ['colcon_pkg']
[0.302s] Level 1:colcon.colcon_core.package_identification:_identify(src/launch) by extension 'colcon_pkg'
[0.302s] Level 1:colcon.colcon_core.package_identification:_identify(src/launch) by extensions ['colcon_meta']
[0.302s] Level 1:colcon.colcon_core.package_identification:_identify(src/launch) by extension 'colcon_meta'
[0.302s] Level 1:colcon.colcon_core.package_identification:_identify(src/launch) by extensions ['ros']
[0.302s] Level 1:colcon.colcon_core.package_identification:_identify(src/launch) by extension 'ros'
[0.303s] DEBUG:colcon.colcon_core.package_identification:Package 'src/launch' with type 'ros.ament_python' and name 'launch'
[0.303s] Level 1:colcon.colcon_core.package_identification:_identify(src/log) by extensions ['ignore', 'ignore_ament_install']
[0.303s] Level 1:colcon.colcon_core.package_identification:_identify(src/log) by extension 'ignore'
[0.303s] Level 1:colcon.colcon_core.package_identification:_identify(src/log) ignored
[0.303s] Level 1:colcon.colcon_core.package_identification:_identify(src/telekinesis) by extensions ['ignore', 'ignore_ament_install']
[0.303s] Level 1:colcon.colcon_core.package_identification:_identify(src/telekinesis) by extension 'ignore'
[0.303s] Level 1:colcon.colcon_core.package_identification:_identify(src/telekinesis) by extension 'ignore_ament_install'
[0.303s] Level 1:colcon.colcon_core.package_identification:_identify(src/telekinesis) by extensions ['colcon_pkg']
[0.303s] Level 1:colcon.colcon_core.package_identification:_identify(src/telekinesis) by extension 'colcon_pkg'
[0.303s] Level 1:colcon.colcon_core.package_identification:_identify(src/telekinesis) by extensions ['colcon_meta']
[0.303s] Level 1:colcon.colcon_core.package_identification:_identify(src/telekinesis) by extension 'colcon_meta'
[0.303s] Level 1:colcon.colcon_core.package_identification:_identify(src/telekinesis) by extensions ['ros']
[0.303s] Level 1:colcon.colcon_core.package_identification:_identify(src/telekinesis) by extension 'ros'
[0.304s] DEBUG:colcon.colcon_core.package_identification:Package 'src/telekinesis' with type 'ros.ament_python' and name 'telekinesis'
[0.304s] Level 1:colcon.colcon_core.package_discovery:discover_packages(recursive) using defaults
[0.304s] Level 1:colcon.colcon_core.package_discovery:discover_packages(ignore) discover
[0.304s] Level 1:colcon.colcon_core.package_discovery:discover_packages(ignore) using defaults
[0.304s] Level 1:colcon.colcon_core.package_discovery:discover_packages(path) discover
[0.304s] Level 1:colcon.colcon_core.package_discovery:discover_packages(path) using defaults
[0.329s] Level 1:colcon.colcon_core.package_discovery:discover_packages(prefix_path) check parameters
[0.329s] Level 1:colcon.colcon_core.package_discovery:discover_packages(prefix_path) discover
[0.330s] DEBUG:colcon.colcon_installed_package_information.package_discovery:Found 2 installed packages in /home/justin/glove_ROS/install
[0.331s] DEBUG:colcon.colcon_installed_package_information.package_discovery:Found 271 installed packages in /opt/ros/humble
[0.333s] Level 1:colcon.colcon_core.package_discovery:discover_packages(prefix_path) using defaults
[0.363s] WARNING:colcon.colcon_core.package_selection:Some selected packages are already built in one or more underlay workspaces:
	'launch' is in: /opt/ros/humble
If a package in a merged underlay workspace is overridden and it installs headers, then all packages in the overlay must sort their include directories by workspace order. Failure to do so may result in build failures or undefined behavior at run time.
If the overridden package is used by another package in any underlay, then the overriding package in the overlay must be API and ABI compatible or undefined behavior at run time may occur.

If you understand the risks and want to override a package anyways, add the following to the command line:
	--allow-overriding launch

This may be promoted to an error in a future release of colcon-override-check.
[0.364s] Level 5:colcon.colcon_core.verb:set package 'glove' build argument 'cmake_args' from command line to 'None'
[0.364s] Level 5:colcon.colcon_core.verb:set package 'glove' build argument 'cmake_target' from command line to 'None'
[0.364s] Level 5:colcon.colcon_core.verb:set package 'glove' build argument 'cmake_target_skip_unavailable' from command line to 'False'
[0.364s] Level 5:colcon.colcon_core.verb:set package 'glove' build argument 'cmake_clean_cache' from command line to 'False'
[0.364s] Level 5:colcon.colcon_core.verb:set package 'glove' build argument 'cmake_clean_first' from command line to 'False'
[0.364s] Level 5:colcon.colcon_core.verb:set package 'glove' build argument 'cmake_force_configure' from command line to 'False'
[0.364s] Level 5:colcon.colcon_core.verb:set package 'glove' build argument 'ament_cmake_args' from command line to 'None'
[0.364s] Level 5:colcon.colcon_core.verb:set package 'glove' build argument 'catkin_cmake_args' from command line to 'None'
[0.364s] Level 5:colcon.colcon_core.verb:set package 'glove' build argument 'catkin_skip_building_tests' from command line to 'False'
[0.364s] DEBUG:colcon.colcon_core.verb:Building package 'glove' with the following arguments: {'ament_cmake_args': None, 'build_base': '/home/justin/glove_ROS/build/glove', 'catkin_cmake_args': None, 'catkin_skip_building_tests': False, 'cmake_args': None, 'cmake_clean_cache': False, 'cmake_clean_first': False, 'cmake_force_configure': False, 'cmake_target': None, 'cmake_target_skip_unavailable': False, 'install_base': '/home/justin/glove_ROS/install/glove', 'merge_install': False, 'path': '/home/justin/glove_ROS/src/glove', 'symlink_install': False, 'test_result_base': None}
[0.364s] Level 5:colcon.colcon_core.verb:set package 'launch' build argument 'cmake_args' from command line to 'None'
[0.364s] Level 5:colcon.colcon_core.verb:set package 'launch' build argument 'cmake_target' from command line to 'None'
[0.364s] Level 5:colcon.colcon_core.verb:set package 'launch' build argument 'cmake_target_skip_unavailable' from command line to 'False'
[0.364s] Level 5:colcon.colcon_core.verb:set package 'launch' build argument 'cmake_clean_cache' from command line to 'False'
[0.364s] Level 5:colcon.colcon_core.verb:set package 'launch' build argument 'cmake_clean_first' from command line to 'False'
[0.364s] Level 5:colcon.colcon_core.verb:set package 'launch' build argument 'cmake_force_configure' from command line to 'False'
[0.364s] Level 5:colcon.colcon_core.verb:set package 'launch' build argument 'ament_cmake_args' from command line to 'None'
[0.364s] Level 5:colcon.colcon_core.verb:set package 'launch' build argument 'catkin_cmake_args' from command line to 'None'
[0.364s] Level 5:colcon.colcon_core.verb:set package 'launch' build argument 'catkin_skip_building_tests' from command line to 'False'
[0.364s] DEBUG:colcon.colcon_core.verb:Building package 'launch' with the following arguments: {'ament_cmake_args': None, 'build_base': '/home/justin/glove_ROS/build/launch', 'catkin_cmake_args': None, 'catkin_skip_building_tests': False, 'cmake_args': None, 'cmake_clean_cache': False, 'cmake_clean_first': False, 'cmake_force_configure': False, 'cmake_target': None, 'cmake_target_skip_unavailable': False, 'install_base': '/home/justin/glove_ROS/install/launch', 'merge_install': False, 'path': '/home/justin/glove_ROS/src/launch', 'symlink_install': False, 'test_result_base': None}
[0.365s] Level 5:colcon.colcon_core.verb:set package 'telekinesis' build argument 'cmake_args' from command line to 'None'
[0.365s] Level 5:colcon.colcon_core.verb:set package 'telekinesis' build argument 'cmake_target' from command line to 'None'
[0.365s] Level 5:colcon.colcon_core.verb:set package 'telekinesis' build argument 'cmake_target_skip_unavailable' from command line to 'False'
[0.365s] Level 5:colcon.colcon_core.verb:set package 'telekinesis' build argument 'cmake_clean_cache' from command line to 'False'
[0.365s] Level 5:colcon.colcon_core.verb:set package 'telekinesis' build argument 'cmake_clean_first' from command line to 'False'
[0.365s] Level 5:colcon.colcon_core.verb:set package 'telekinesis' build argument 'cmake_force_configure' from command line to 'False'
[0.365s] Level 5:colcon.colcon_core.verb:set package 'telekinesis' build argument 'ament_cmake_args' from command line to 'None'
[0.365s] Level 5:colcon.colcon_core.verb:set package 'telekinesis' build argument 'catkin_cmake_args' from command line to 'None'
[0.365s] Level 5:colcon.colcon_core.verb:set package 'telekinesis' build argument 'catkin_skip_building_tests' from command line to 'False'
[0.365s] DEBUG:colcon.colcon_core.verb:Building package 'telekinesis' with the following arguments: {'ament_cmake_args': None, 'build_base': '/home/justin/glove_ROS/build/telekinesis', 'catkin_cmake_args': None, 'catkin_skip_building_tests': False, 'cmake_args': None, 'cmake_clean_cache': False, 'cmake_clean_first': False, 'cmake_force_configure': False, 'cmake_target': None, 'cmake_target_skip_unavailable': False, 'install_base': '/home/justin/glove_ROS/install/telekinesis', 'merge_install': False, 'path': '/home/justin/glove_ROS/src/telekinesis', 'symlink_install': False, 'test_result_base': None}
[0.365s] INFO:colcon.colcon_core.executor:Executing jobs using 'parallel' executor
[0.366s] DEBUG:colcon.colcon_parallel_executor.executor.parallel:run_until_complete
[0.366s] INFO:colcon.colcon_ros.task.ament_python.build:Building ROS package in '/home/justin/glove_ROS/src/glove' with build type 'ament_python'
[0.366s] Level 1:colcon.colcon_core.shell:create_environment_hook('glove', 'ament_prefix_path')
[0.368s] INFO:colcon.colcon_core.plugin_system:Skipping extension 'colcon_core.shell.bat': Not used on non-Windows systems
[0.368s] INFO:colcon.colcon_core.shell:Creating environment hook '/home/justin/glove_ROS/install/glove/share/glove/hook/ament_prefix_path.ps1'
[0.369s] INFO:colcon.colcon_core.shell:Creating environment descriptor '/home/justin/glove_ROS/install/glove/share/glove/hook/ament_prefix_path.dsv'
[0.369s] INFO:colcon.colcon_core.shell:Creating environment hook '/home/justin/glove_ROS/install/glove/share/glove/hook/ament_prefix_path.sh'
[0.370s] INFO:colcon.colcon_core.shell:Skip shell extension 'powershell' for command environment: Not usable outside of PowerShell
[0.370s] DEBUG:colcon.colcon_core.shell:Skip shell extension 'dsv' for command environment
[0.372s] INFO:colcon.colcon_ros.task.ament_python.build:Building ROS package in '/home/justin/glove_ROS/src/launch' with build type 'ament_python'
[0.372s] Level 1:colcon.colcon_core.shell:create_environment_hook('launch', 'ament_prefix_path')
[0.373s] INFO:colcon.colcon_core.shell:Creating environment hook '/home/justin/glove_ROS/install/launch/share/launch/hook/ament_prefix_path.ps1'
[0.373s] INFO:colcon.colcon_core.shell:Creating environment descriptor '/home/justin/glove_ROS/install/launch/share/launch/hook/ament_prefix_path.dsv'
[0.374s] INFO:colcon.colcon_core.shell:Creating environment hook '/home/justin/glove_ROS/install/launch/share/launch/hook/ament_prefix_path.sh'
[0.374s] INFO:colcon.colcon_core.shell:Skip shell extension 'powershell' for command environment: Not usable outside of PowerShell
[0.374s] DEBUG:colcon.colcon_core.shell:Skip shell extension 'dsv' for command environment
[0.376s] INFO:colcon.colcon_ros.task.ament_python.build:Building ROS package in '/home/justin/glove_ROS/src/telekinesis' with build type 'ament_python'
[0.377s] Level 1:colcon.colcon_core.shell:create_environment_hook('telekinesis', 'ament_prefix_path')
[0.377s] INFO:colcon.colcon_core.shell:Creating environment hook '/home/justin/glove_ROS/install/telekinesis/share/telekinesis/hook/ament_prefix_path.ps1'
[0.377s] INFO:colcon.colcon_core.shell:Creating environment descriptor '/home/justin/glove_ROS/install/telekinesis/share/telekinesis/hook/ament_prefix_path.dsv'
[0.378s] INFO:colcon.colcon_core.shell:Creating environment hook '/home/justin/glove_ROS/install/telekinesis/share/telekinesis/hook/ament_prefix_path.sh'
[0.378s] INFO:colcon.colcon_core.shell:Skip shell extension 'powershell' for command environment: Not usable outside of PowerShell
[0.378s] DEBUG:colcon.colcon_core.shell:Skip shell extension 'dsv' for command environment
[0.593s] INFO:colcon.colcon_core.task.python.build:Building Python package in '/home/justin/glove_ROS/src/glove'
[0.593s] INFO:colcon.colcon_core.shell:Skip shell extension 'powershell' for command environment: Not usable outside of PowerShell
[0.593s] DEBUG:colcon.colcon_core.shell:Skip shell extension 'dsv' for command environment
[0.806s] WARNING:colcon.colcon_ros.task.ament_python.build:Package 'launch' doesn't explicitly install a marker in the package index (colcon-ros currently does it implicitly but that fallback will be removed in the future)
[0.806s] WARNING:colcon.colcon_ros.task.ament_python.build:Package 'launch' doesn't explicitly install the 'package.xml' file (colcon-ros currently does it implicitly but that fallback will be removed in the future)
[0.806s] INFO:colcon.colcon_core.task.python.build:Building Python package in '/home/justin/glove_ROS/src/launch'
[0.806s] INFO:colcon.colcon_core.shell:Skip shell extension 'powershell' for command environment: Not usable outside of PowerShell
[0.806s] DEBUG:colcon.colcon_core.shell:Skip shell extension 'dsv' for command environment
[1.024s] INFO:colcon.colcon_core.task.python.build:Building Python package in '/home/justin/glove_ROS/src/telekinesis'
[1.024s] INFO:colcon.colcon_core.shell:Skip shell extension 'powershell' for command environment: Not usable outside of PowerShell
[1.024s] DEBUG:colcon.colcon_core.shell:Skip shell extension 'dsv' for command environment
[1.346s] DEBUG:colcon.colcon_core.event_handler.log_command:Invoking command in '/home/justin/glove_ROS/src/launch': PYTHONPATH=/home/justin/glove_ROS/build/launch/prefix_override:/usr/lib/python3/dist-packages/colcon_core/task/python/colcon_distutils_commands:/home/justin/glove_ROS/install/launch/lib/python3.10/site-packages:${PYTHONPATH} /usr/bin/python3 -W ignore:setup.py install is deprecated -W ignore:easy_install command is deprecated setup.py egg_info --egg-base ../../build/launch build --build-base /home/justin/glove_ROS/build/launch/build install --record /home/justin/glove_ROS/build/launch/install.log --single-version-externally-managed
[1.351s] DEBUG:colcon.colcon_core.event_handler.log_command:Invoking command in '/home/justin/glove_ROS/src/telekinesis': PYTHONPATH=/home/justin/glove_ROS/build/telekinesis/prefix_override:/usr/lib/python3/dist-packages/colcon_core/task/python/colcon_distutils_commands:/home/justin/glove_ROS/install/telekinesis/lib/python3.10/site-packages:${PYTHONPATH} /usr/bin/python3 -W ignore:setup.py install is deprecated -W ignore:easy_install command is deprecated setup.py egg_info --egg-base ../../build/telekinesis build --build-base /home/justin/glove_ROS/build/telekinesis/build install --record /home/justin/glove_ROS/build/telekinesis/install.log --single-version-externally-managed install_data
[1.352s] DEBUG:colcon.colcon_core.event_handler.log_command:Invoking command in '/home/justin/glove_ROS/src/glove': PYTHONPATH=/home/justin/glove_ROS/build/glove/prefix_override:/usr/lib/python3/dist-packages/colcon_core/task/python/colcon_distutils_commands:/home/justin/glove_ROS/install/glove/lib/python3.10/site-packages:${PYTHONPATH} /usr/bin/python3 -W ignore:setup.py install is deprecated -W ignore:easy_install command is deprecated setup.py egg_info --egg-base ../../build/glove build --build-base /home/justin/glove_ROS/build/glove/build install --record /home/justin/glove_ROS/build/glove/install.log --single-version-externally-managed install_data
[1.628s] DEBUG:colcon.colcon_core.event_handler.log_command:Invoked command in '/home/justin/glove_ROS/src/launch' returned '0': PYTHONPATH=/home/justin/glove_ROS/build/launch/prefix_override:/usr/lib/python3/dist-packages/colcon_core/task/python/colcon_distutils_commands:/home/justin/glove_ROS/install/launch/lib/python3.10/site-packages:${PYTHONPATH} /usr/bin/python3 -W ignore:setup.py install is deprecated -W ignore:easy_install command is deprecated setup.py egg_info --egg-base ../../build/launch build --build-base /home/justin/glove_ROS/build/launch/build install --record /home/justin/glove_ROS/build/launch/install.log --single-version-externally-managed
[1.632s] Level 1:colcon.colcon_core.environment:checking '/home/justin/glove_ROS/install/launch' for CMake module files
[1.632s] Level 1:colcon.colcon_core.environment:checking '/home/justin/glove_ROS/install/launch' for CMake config files
[1.633s] Level 1:colcon.colcon_core.environment:checking '/home/justin/glove_ROS/install/launch/lib'
[1.633s] Level 1:colcon.colcon_core.environment:checking '/home/justin/glove_ROS/install/launch/bin'
[1.633s] Level 1:colcon.colcon_core.environment:checking '/home/justin/glove_ROS/install/launch/lib/pkgconfig/launch.pc'
[1.634s] Level 1:colcon.colcon_core.environment:checking '/home/justin/glove_ROS/install/launch/lib/python3.10/site-packages'
[1.634s] Level 1:colcon.colcon_core.shell:create_environment_hook('launch', 'pythonpath')
[1.634s] INFO:colcon.colcon_core.shell:Creating environment hook '/home/justin/glove_ROS/install/launch/share/launch/hook/pythonpath.ps1'
[1.635s] INFO:colcon.colcon_core.shell:Creating environment descriptor '/home/justin/glove_ROS/install/launch/share/launch/hook/pythonpath.dsv'
[1.635s] INFO:colcon.colcon_core.shell:Creating environment hook '/home/justin/glove_ROS/install/launch/share/launch/hook/pythonpath.sh'
[1.636s] Level 1:colcon.colcon_core.environment:checking '/home/justin/glove_ROS/install/launch/bin'
[1.636s] Level 1:colcon.colcon_core.environment:create_environment_scripts_only(launch)
[1.636s] INFO:colcon.colcon_core.shell:Creating package script '/home/justin/glove_ROS/install/launch/share/launch/package.ps1'
[1.637s] INFO:colcon.colcon_core.shell:Creating package descriptor '/home/justin/glove_ROS/install/launch/share/launch/package.dsv'
[1.638s] INFO:colcon.colcon_core.shell:Creating package script '/home/justin/glove_ROS/install/launch/share/launch/package.sh'
[1.639s] INFO:colcon.colcon_core.shell:Creating package script '/home/justin/glove_ROS/install/launch/share/launch/package.bash'
[1.640s] INFO:colcon.colcon_core.shell:Creating package script '/home/justin/glove_ROS/install/launch/share/launch/package.zsh'
[1.641s] Level 1:colcon.colcon_core.environment:create_file_with_runtime_dependencies(/home/justin/glove_ROS/install/launch/share/colcon-core/packages/launch)
[1.643s] Level 1:colcon.colcon_core.environment:checking '/home/justin/glove_ROS/install/telekinesis' for CMake module files
[1.644s] Level 1:colcon.colcon_core.environment:checking '/home/justin/glove_ROS/install/telekinesis' for CMake config files
[1.644s] DEBUG:colcon.colcon_core.event_handler.log_command:Invoked command in '/home/justin/glove_ROS/src/telekinesis' returned '0': PYTHONPATH=/home/justin/glove_ROS/build/telekinesis/prefix_override:/usr/lib/python3/dist-packages/colcon_core/task/python/colcon_distutils_commands:/home/justin/glove_ROS/install/telekinesis/lib/python3.10/site-packages:${PYTHONPATH} /usr/bin/python3 -W ignore:setup.py install is deprecated -W ignore:easy_install command is deprecated setup.py egg_info --egg-base ../../build/telekinesis build --build-base /home/justin/glove_ROS/build/telekinesis/build install --record /home/justin/glove_ROS/build/telekinesis/install.log --single-version-externally-managed install_data
[1.645s] Level 1:colcon.colcon_core.environment:checking '/home/justin/glove_ROS/install/telekinesis/lib'
[1.645s] Level 1:colcon.colcon_core.environment:checking '/home/justin/glove_ROS/install/telekinesis/bin'
[1.645s] Level 1:colcon.colcon_core.environment:checking '/home/justin/glove_ROS/install/telekinesis/lib/pkgconfig/telekinesis.pc'
[1.646s] Level 1:colcon.colcon_core.environment:checking '/home/justin/glove_ROS/install/telekinesis/lib/python3.10/site-packages'
[1.646s] Level 1:colcon.colcon_core.shell:create_environment_hook('telekinesis', 'pythonpath')
[1.646s] INFO:colcon.colcon_core.shell:Creating environment hook '/home/justin/glove_ROS/install/telekinesis/share/telekinesis/hook/pythonpath.ps1'
[1.647s] INFO:colcon.colcon_core.shell:Creating environment descriptor '/home/justin/glove_ROS/install/telekinesis/share/telekinesis/hook/pythonpath.dsv'
[1.647s] INFO:colcon.colcon_core.shell:Creating environment hook '/home/justin/glove_ROS/install/telekinesis/share/telekinesis/hook/pythonpath.sh'
[1.648s] Level 1:colcon.colcon_core.environment:checking '/home/justin/glove_ROS/install/telekinesis/bin'
[1.648s] Level 1:colcon.colcon_core.environment:create_environment_scripts_only(telekinesis)
[1.648s] INFO:colcon.colcon_core.shell:Creating package script '/home/justin/glove_ROS/install/telekinesis/share/telekinesis/package.ps1'
[1.649s] INFO:colcon.colcon_core.shell:Creating package descriptor '/home/justin/glove_ROS/install/telekinesis/share/telekinesis/package.dsv'
[1.649s] INFO:colcon.colcon_core.shell:Creating package script '/home/justin/glove_ROS/install/telekinesis/share/telekinesis/package.sh'
[1.650s] INFO:colcon.colcon_core.shell:Creating package script '/home/justin/glove_ROS/install/telekinesis/share/telekinesis/package.bash'
[1.650s] INFO:colcon.colcon_core.shell:Creating package script '/home/justin/glove_ROS/install/telekinesis/share/telekinesis/package.zsh'
[1.650s] Level 1:colcon.colcon_core.environment:create_file_with_runtime_dependencies(/home/justin/glove_ROS/install/telekinesis/share/colcon-core/packages/telekinesis)
[1.651s] Level 1:colcon.colcon_core.environment:checking '/home/justin/glove_ROS/install/glove' for CMake module files
[1.652s] DEBUG:colcon.colcon_core.event_handler.log_command:Invoked command in '/home/justin/glove_ROS/src/glove' returned '0': PYTHONPATH=/home/justin/glove_ROS/build/glove/prefix_override:/usr/lib/python3/dist-packages/colcon_core/task/python/colcon_distutils_commands:/home/justin/glove_ROS/install/glove/lib/python3.10/site-packages:${PYTHONPATH} /usr/bin/python3 -W ignore:setup.py install is deprecated -W ignore:easy_install command is deprecated setup.py egg_info --egg-base ../../build/glove build --build-base /home/justin/glove_ROS/build/glove/build install --record /home/justin/glove_ROS/build/glove/install.log --single-version-externally-managed install_data
[1.652s] Level 1:colcon.colcon_core.environment:checking '/home/justin/glove_ROS/install/glove' for CMake config files
[1.653s] Level 1:colcon.colcon_core.environment:checking '/home/justin/glove_ROS/install/glove/lib'
[1.653s] Level 1:colcon.colcon_core.environment:checking '/home/justin/glove_ROS/install/glove/bin'
[1.653s] Level 1:colcon.colcon_core.environment:checking '/home/justin/glove_ROS/install/glove/lib/pkgconfig/glove.pc'
[1.653s] Level 1:colcon.colcon_core.environment:checking '/home/justin/glove_ROS/install/glove/lib/python3.10/site-packages'
[1.653s] Level 1:colcon.colcon_core.shell:create_environment_hook('glove', 'pythonpath')
[1.654s] INFO:colcon.colcon_core.shell:Creating environment hook '/home/justin/glove_ROS/install/glove/share/glove/hook/pythonpath.ps1'
[1.654s] INFO:colcon.colcon_core.shell:Creating environment descriptor '/home/justin/glove_ROS/install/glove/share/glove/hook/pythonpath.dsv'
[1.655s] INFO:colcon.colcon_core.shell:Creating environment hook '/home/justin/glove_ROS/install/glove/share/glove/hook/pythonpath.sh'
[1.655s] Level 1:colcon.colcon_core.environment:checking '/home/justin/glove_ROS/install/glove/bin'
[1.655s] Level 1:colcon.colcon_core.environment:create_environment_scripts_only(glove)
[1.656s] INFO:colcon.colcon_core.shell:Creating package script '/home/justin/glove_ROS/install/glove/share/glove/package.ps1'
[1.656s] INFO:colcon.colcon_core.shell:Creating package descriptor '/home/justin/glove_ROS/install/glove/share/glove/package.dsv'
[1.657s] INFO:colcon.colcon_core.shell:Creating package script '/home/justin/glove_ROS/install/glove/share/glove/package.sh'
[1.657s] INFO:colcon.colcon_core.shell:Creating package script '/home/justin/glove_ROS/install/glove/share/glove/package.bash'
[1.657s] INFO:colcon.colcon_core.shell:Creating package script '/home/justin/glove_ROS/install/glove/share/glove/package.zsh'
[1.658s] Level 1:colcon.colcon_core.environment:create_file_with_runtime_dependencies(/home/justin/glove_ROS/install/glove/share/colcon-core/packages/glove)
[1.658s] DEBUG:colcon.colcon_parallel_executor.executor.parallel:closing loop
[1.658s] DEBUG:colcon.colcon_parallel_executor.executor.parallel:loop closed
[1.658s] DEBUG:colcon.colcon_parallel_executor.executor.parallel:run_until_complete finished with '0'
[1.658s] DEBUG:colcon.colcon_core.event_reactor:joining thread
[1.664s] INFO:colcon.colcon_core.plugin_system:Skipping extension 'colcon_notification.desktop_notification.terminal_notifier': Not used on non-Darwin systems
[1.665s] INFO:colcon.colcon_core.plugin_system:Skipping extension 'colcon_notification.desktop_notification.win32': Not used on non-Windows systems
[1.665s] INFO:colcon.colcon_notification.desktop_notification:Sending desktop notification using 'notify2'
[1.676s] DEBUG:colcon.colcon_core.event_reactor:joined thread
[1.676s] INFO:colcon.colcon_core.shell:Creating prefix script '/home/justin/glove_ROS/install/local_setup.ps1'
[1.677s] INFO:colcon.colcon_core.shell:Creating prefix util module '/home/justin/glove_ROS/install/_local_setup_util_ps1.py'
[1.678s] INFO:colcon.colcon_core.shell:Creating prefix chain script '/home/justin/glove_ROS/install/setup.ps1'
[1.679s] INFO:colcon.colcon_core.shell:Creating prefix script '/home/justin/glove_ROS/install/local_setup.sh'
[1.680s] INFO:colcon.colcon_core.shell:Creating prefix util module '/home/justin/glove_ROS/install/_local_setup_util_sh.py'
[1.680s] INFO:colcon.colcon_core.shell:Creating prefix chain script '/home/justin/glove_ROS/install/setup.sh'
[1.681s] INFO:colcon.colcon_core.shell:Creating prefix script '/home/justin/glove_ROS/install/local_setup.bash'
[1.682s] INFO:colcon.colcon_core.shell:Creating prefix chain script '/home/justin/glove_ROS/install/setup.bash'
[1.683s] INFO:colcon.colcon_core.shell:Creating prefix script '/home/justin/glove_ROS/install/local_setup.zsh'
[1.683s] INFO:colcon.colcon_core.shell:Creating prefix chain script '/home/justin/glove_ROS/install/setup.zsh'
