running egg_info
creating ../../build/telekinesis/telekinesis.egg-info
writing ../../build/telekinesis/telekinesis.egg-info/PKG-INFO
writing dependency_links to ../../build/telekinesis/telekinesis.egg-info/dependency_links.txt
writing entry points to ../../build/telekinesis/telekinesis.egg-info/entry_points.txt
writing requirements to ../../build/telekinesis/telekinesis.egg-info/requires.txt
writing top-level names to ../../build/telekinesis/telekinesis.egg-info/top_level.txt
writing manifest file '../../build/telekinesis/telekinesis.egg-info/SOURCES.txt'
reading manifest file '../../build/telekinesis/telekinesis.egg-info/SOURCES.txt'
writing manifest file '../../build/telekinesis/telekinesis.egg-info/SOURCES.txt'
running build
running build_py
creating /home/justin/glove_ROS/build/telekinesis/build
creating /home/justin/glove_ROS/build/telekinesis/build/lib
creating /home/justin/glove_ROS/build/telekinesis/build/lib/telekinesis
copying telekinesis/ik_calc.py -> /home/justin/glove_ROS/build/telekinesis/build/lib/telekinesis
copying telekinesis/__init__.py -> /home/justin/glove_ROS/build/telekinesis/build/lib/telekinesis
running install
running install_lib
creating /home/justin/glove_ROS/install/telekinesis/lib/python3.10/site-packages/telekinesis
copying /home/justin/glove_ROS/build/telekinesis/build/lib/telekinesis/ik_calc.py -> /home/justin/glove_ROS/install/telekinesis/lib/python3.10/site-packages/telekinesis
copying /home/justin/glove_ROS/build/telekinesis/build/lib/telekinesis/__init__.py -> /home/justin/glove_ROS/install/telekinesis/lib/python3.10/site-packages/telekinesis
byte-compiling /home/justin/glove_ROS/install/telekinesis/lib/python3.10/site-packages/telekinesis/ik_calc.py to ik_calc.cpython-310.pyc
byte-compiling /home/justin/glove_ROS/install/telekinesis/lib/python3.10/site-packages/telekinesis/__init__.py to __init__.cpython-310.pyc
running install_data
creating /home/justin/glove_ROS/install/telekinesis/share/ament_index
creating /home/justin/glove_ROS/install/telekinesis/share/ament_index/resource_index
creating /home/justin/glove_ROS/install/telekinesis/share/ament_index/resource_index/packages
copying resource/telekinesis -> /home/justin/glove_ROS/install/telekinesis/share/ament_index/resource_index/packages
copying package.xml -> /home/justin/glove_ROS/install/telekinesis/share/telekinesis
running install_egg_info
Copying ../../build/telekinesis/telekinesis.egg-info to /home/justin/glove_ROS/install/telekinesis/lib/python3.10/site-packages/telekinesis-0.0.0-py3.10.egg-info
running install_scripts
Installing leap_ik script to /home/justin/glove_ROS/install/telekinesis/lib/telekinesis
writing list of installed files to '/home/justin/glove_ROS/build/telekinesis/install.log'
