[0.977s] Invoking command in '/home/justin/glove_ROS/src/launch_main': PYTHONPATH=/home/justin/glove_ROS/build/launch_main/prefix_override:/usr/lib/python3/dist-packages/colcon_core/task/python/colcon_distutils_commands:/home/justin/glove_ROS/install/launch_main/lib/python3.10/site-packages:${PYTHONPATH} /usr/bin/python3 -W ignore:setup.py install is deprecated -W ignore:easy_install command is deprecated setup.py egg_info --egg-base ../../build/launch_main build --build-base /home/justin/glove_ROS/build/launch_main/build install --record /home/justin/glove_ROS/build/launch_main/install.log --single-version-externally-managed install_data
[1.199s] running egg_info
[1.199s] writing ../../build/launch_main/launch_main.egg-info/PKG-INFO
[1.199s] writing dependency_links to ../../build/launch_main/launch_main.egg-info/dependency_links.txt
[1.199s] writing entry points to ../../build/launch_main/launch_main.egg-info/entry_points.txt
[1.199s] writing requirements to ../../build/launch_main/launch_main.egg-info/requires.txt
[1.199s] writing top-level names to ../../build/launch_main/launch_main.egg-info/top_level.txt
[1.200s] reading manifest file '../../build/launch_main/launch_main.egg-info/SOURCES.txt'
[1.201s] writing manifest file '../../build/launch_main/launch_main.egg-info/SOURCES.txt'
[1.202s] running build
[1.202s] running install
[1.202s] running install_data
[1.202s] copying resource/launch_main -> /home/justin/glove_ROS/install/launch_main/share/ament_index/resource_index/packages
[1.202s] running install_egg_info
[1.205s] removing '/home/justin/glove_ROS/install/launch_main/lib/python3.10/site-packages/launch_main-0.0.0-py3.10.egg-info' (and everything under it)
[1.205s] Copying ../../build/launch_main/launch_main.egg-info to /home/justin/glove_ROS/install/launch_main/lib/python3.10/site-packages/launch_main-0.0.0-py3.10.egg-info
[1.206s] running install_scripts
[1.225s] Installing leap_ik script to /home/justin/glove_ROS/install/launch_main/lib/launch_main
[1.225s] writing list of installed files to '/home/justin/glove_ROS/build/launch_main/install.log'
[1.270s] Invoked command in '/home/justin/glove_ROS/src/launch_main' returned '0': PYTHONPATH=/home/justin/glove_ROS/build/launch_main/prefix_override:/usr/lib/python3/dist-packages/colcon_core/task/python/colcon_distutils_commands:/home/justin/glove_ROS/install/launch_main/lib/python3.10/site-packages:${PYTHONPATH} /usr/bin/python3 -W ignore:setup.py install is deprecated -W ignore:easy_install command is deprecated setup.py egg_info --egg-base ../../build/launch_main build --build-base /home/justin/glove_ROS/build/launch_main/build install --record /home/justin/glove_ROS/build/launch_main/install.log --single-version-externally-managed install_data
