[1.065s] Invoking command in '/home/justin/glove_ROS/src/telekinesis': PYTHONPATH=/home/justin/glove_ROS/build/telekinesis/prefix_override:/usr/lib/python3/dist-packages/colcon_core/task/python/colcon_distutils_commands:/home/justin/glove_ROS/install/telekinesis/lib/python3.10/site-packages:${PYTHONPATH} /usr/bin/python3 -W ignore:setup.py install is deprecated -W ignore:easy_install command is deprecated setup.py egg_info --egg-base ../../build/telekinesis build --build-base /home/justin/glove_ROS/build/telekinesis/build install --record /home/justin/glove_ROS/build/telekinesis/install.log --single-version-externally-managed install_data
[1.304s] running egg_info
[1.304s] writing ../../build/telekinesis/telekinesis.egg-info/PKG-INFO
[1.305s] writing dependency_links to ../../build/telekinesis/telekinesis.egg-info/dependency_links.txt
[1.305s] writing entry points to ../../build/telekinesis/telekinesis.egg-info/entry_points.txt
[1.305s] writing requirements to ../../build/telekinesis/telekinesis.egg-info/requires.txt
[1.305s] writing top-level names to ../../build/telekinesis/telekinesis.egg-info/top_level.txt
[1.308s] reading manifest file '../../build/telekinesis/telekinesis.egg-info/SOURCES.txt'
[1.310s] writing manifest file '../../build/telekinesis/telekinesis.egg-info/SOURCES.txt'
[1.310s] running build
[1.310s] running build_py
[1.310s] running install
[1.311s] running install_lib
[1.312s] running install_data
[1.313s] running install_egg_info
[1.315s] removing '/home/justin/glove_ROS/install/telekinesis/lib/python3.10/site-packages/telekinesis-0.0.0-py3.10.egg-info' (and everything under it)
[1.316s] Copying ../../build/telekinesis/telekinesis.egg-info to /home/justin/glove_ROS/install/telekinesis/lib/python3.10/site-packages/telekinesis-0.0.0-py3.10.egg-info
[1.317s] running install_scripts
[1.338s] Installing leap_ik script to /home/justin/glove_ROS/install/telekinesis/lib/telekinesis
[1.338s] writing list of installed files to '/home/justin/glove_ROS/build/telekinesis/install.log'
[1.388s] Invoked command in '/home/justin/glove_ROS/src/telekinesis' returned '0': PYTHONPATH=/home/justin/glove_ROS/build/telekinesis/prefix_override:/usr/lib/python3/dist-packages/colcon_core/task/python/colcon_distutils_commands:/home/justin/glove_ROS/install/telekinesis/lib/python3.10/site-packages:${PYTHONPATH} /usr/bin/python3 -W ignore:setup.py install is deprecated -W ignore:easy_install command is deprecated setup.py egg_info --egg-base ../../build/telekinesis build --build-base /home/justin/glove_ROS/build/telekinesis/build install --record /home/justin/glove_ROS/build/telekinesis/install.log --single-version-externally-managed install_data
