running egg_info
writing ../../build/glove/glove.egg-info/PKG-INFO
writing dependency_links to ../../build/glove/glove.egg-info/dependency_links.txt
writing entry points to ../../build/glove/glove.egg-info/entry_points.txt
writing requirements to ../../build/glove/glove.egg-info/requires.txt
writing top-level names to ../../build/glove/glove.egg-info/top_level.txt
reading manifest file '../../build/glove/glove.egg-info/SOURCES.txt'
writing manifest file '../../build/glove/glove.egg-info/SOURCES.txt'
running build
running build_py
running install
running install_lib
running install_data
running install_egg_info
removing '/home/justin/glove_ROS/install/glove/lib/python3.10/site-packages/glove-0.0.0-py3.10.egg-info' (and everything under it)
Copying ../../build/glove/glove.egg-info to /home/justin/glove_ROS/install/glove/lib/python3.10/site-packages/glove-0.0.0-py3.10.egg-info
running install_scripts
Installing read_and_send script to /home/justin/glove_ROS/install/glove/lib/glove
Installing read_and_send_zmq script to /home/justin/glove_ROS/install/glove/lib/glove
writing list of installed files to '/home/justin/glove_ROS/build/glove/install.log'
