[0.976s] Invoking command in '/home/justin/glove_ROS/src/glove': PYTHONPATH=/home/justin/glove_ROS/build/glove/prefix_override:/usr/lib/python3/dist-packages/colcon_core/task/python/colcon_distutils_commands:/home/justin/glove_ROS/install/glove/lib/python3.10/site-packages:${PYTHONPATH} /usr/bin/python3 -W ignore:setup.py install is deprecated -W ignore:easy_install command is deprecated setup.py egg_info --egg-base ../../build/glove build --build-base /home/justin/glove_ROS/build/glove/build install --record /home/justin/glove_ROS/build/glove/install.log --single-version-externally-managed install_data
[1.212s] running egg_info
[1.213s] writing ../../build/glove/glove.egg-info/PKG-INFO
[1.213s] writing dependency_links to ../../build/glove/glove.egg-info/dependency_links.txt
[1.213s] writing entry points to ../../build/glove/glove.egg-info/entry_points.txt
[1.213s] writing requirements to ../../build/glove/glove.egg-info/requires.txt
[1.213s] writing top-level names to ../../build/glove/glove.egg-info/top_level.txt
[1.214s] reading manifest file '../../build/glove/glove.egg-info/SOURCES.txt'
[1.215s] writing manifest file '../../build/glove/glove.egg-info/SOURCES.txt'
[1.215s] running build
[1.215s] running build_py
[1.215s] running install
[1.216s] running install_lib
[1.217s] running install_data
[1.217s] running install_egg_info
[1.218s] removing '/home/justin/glove_ROS/install/glove/lib/python3.10/site-packages/glove-0.0.0-py3.10.egg-info' (and everything under it)
[1.219s] Copying ../../build/glove/glove.egg-info to /home/justin/glove_ROS/install/glove/lib/python3.10/site-packages/glove-0.0.0-py3.10.egg-info
[1.219s] running install_scripts
[1.243s] Installing read_and_send script to /home/justin/glove_ROS/install/glove/lib/glove
[1.243s] Installing read_and_send_zmq script to /home/justin/glove_ROS/install/glove/lib/glove
[1.243s] writing list of installed files to '/home/justin/glove_ROS/build/glove/install.log'
[1.276s] Invoked command in '/home/justin/glove_ROS/src/glove' returned '0': PYTHONPATH=/home/justin/glove_ROS/build/glove/prefix_override:/usr/lib/python3/dist-packages/colcon_core/task/python/colcon_distutils_commands:/home/justin/glove_ROS/install/glove/lib/python3.10/site-packages:${PYTHONPATH} /usr/bin/python3 -W ignore:setup.py install is deprecated -W ignore:easy_install command is deprecated setup.py egg_info --egg-base ../../build/glove build --build-base /home/justin/glove_ROS/build/glove/build install --record /home/justin/glove_ROS/build/glove/install.log --single-version-externally-managed install_data
