running egg_info
creating ../../build/glove/glove.egg-info
writing ../../build/glove/glove.egg-info/PKG-INFO
writing dependency_links to ../../build/glove/glove.egg-info/dependency_links.txt
writing entry points to ../../build/glove/glove.egg-info/entry_points.txt
writing requirements to ../../build/glove/glove.egg-info/requires.txt
writing top-level names to ../../build/glove/glove.egg-info/top_level.txt
writing manifest file '../../build/glove/glove.egg-info/SOURCES.txt'
reading manifest file '../../build/glove/glove.egg-info/SOURCES.txt'
writing manifest file '../../build/glove/glove.egg-info/SOURCES.txt'
running build
running build_py
creating /home/justin/glove_ROS/build/glove/build
creating /home/justin/glove_ROS/build/glove/build/lib
creating /home/justin/glove_ROS/build/glove/build/lib/glove
copying glove/__init__.py -> /home/justin/glove_ROS/build/glove/build/lib/glove
copying glove/read_and_send_zmq.py -> /home/justin/glove_ROS/build/glove/build/lib/glove
running install
running install_lib
creating /home/justin/glove_ROS/install/glove/lib/python3.10/site-packages/glove
copying /home/justin/glove_ROS/build/glove/build/lib/glove/__init__.py -> /home/justin/glove_ROS/install/glove/lib/python3.10/site-packages/glove
copying /home/justin/glove_ROS/build/glove/build/lib/glove/read_and_send_zmq.py -> /home/justin/glove_ROS/install/glove/lib/python3.10/site-packages/glove
byte-compiling /home/justin/glove_ROS/install/glove/lib/python3.10/site-packages/glove/__init__.py to __init__.cpython-310.pyc
byte-compiling /home/justin/glove_ROS/install/glove/lib/python3.10/site-packages/glove/read_and_send_zmq.py to read_and_send_zmq.cpython-310.pyc
running install_data
creating /home/justin/glove_ROS/install/glove/share/ament_index
creating /home/justin/glove_ROS/install/glove/share/ament_index/resource_index
creating /home/justin/glove_ROS/install/glove/share/ament_index/resource_index/packages
error: can't copy 'resource/glove': doesn't exist or not a regular file
