[0.809s] Invoking command in '/home/justin/glove_ROS/src/glove': PYTHONPATH=/home/justin/glove_ROS/build/glove/prefix_override:/usr/lib/python3/dist-packages/colcon_core/task/python/colcon_distutils_commands:/home/justin/glove_ROS/install/glove/lib/python3.10/site-packages:${PYTHONPATH} /usr/bin/python3 -W ignore:setup.py install is deprecated -W ignore:easy_install command is deprecated setup.py egg_info --egg-base ../../build/glove build --build-base /home/justin/glove_ROS/build/glove/build install --record /home/justin/glove_ROS/build/glove/install.log --single-version-externally-managed install_data
[1.039s] running egg_info
[1.040s] creating ../../build/glove/glove.egg-info
[1.040s] writing ../../build/glove/glove.egg-info/PKG-INFO
[1.040s] writing dependency_links to ../../build/glove/glove.egg-info/dependency_links.txt
[1.041s] writing entry points to ../../build/glove/glove.egg-info/entry_points.txt
[1.041s] writing requirements to ../../build/glove/glove.egg-info/requires.txt
[1.041s] writing top-level names to ../../build/glove/glove.egg-info/top_level.txt
[1.041s] writing manifest file '../../build/glove/glove.egg-info/SOURCES.txt'
[1.042s] reading manifest file '../../build/glove/glove.egg-info/SOURCES.txt'
[1.043s] writing manifest file '../../build/glove/glove.egg-info/SOURCES.txt'
[1.043s] running build
[1.043s] running build_py
[1.043s] creating /home/justin/glove_ROS/build/glove/build
[1.044s] creating /home/justin/glove_ROS/build/glove/build/lib
[1.044s] creating /home/justin/glove_ROS/build/glove/build/lib/glove
[1.044s] copying glove/__init__.py -> /home/justin/glove_ROS/build/glove/build/lib/glove
[1.044s] copying glove/read_and_send_zmq.py -> /home/justin/glove_ROS/build/glove/build/lib/glove
[1.044s] running install
[1.044s] running install_lib
[1.044s] creating /home/justin/glove_ROS/install/glove/lib/python3.10/site-packages/glove
[1.045s] copying /home/justin/glove_ROS/build/glove/build/lib/glove/__init__.py -> /home/justin/glove_ROS/install/glove/lib/python3.10/site-packages/glove
[1.045s] copying /home/justin/glove_ROS/build/glove/build/lib/glove/read_and_send_zmq.py -> /home/justin/glove_ROS/install/glove/lib/python3.10/site-packages/glove
[1.045s] byte-compiling /home/justin/glove_ROS/install/glove/lib/python3.10/site-packages/glove/__init__.py to __init__.cpython-310.pyc
[1.045s] byte-compiling /home/justin/glove_ROS/install/glove/lib/python3.10/site-packages/glove/read_and_send_zmq.py to read_and_send_zmq.cpython-310.pyc
[1.046s] running install_data
[1.046s] creating /home/justin/glove_ROS/install/glove/share/ament_index
[1.046s] creating /home/justin/glove_ROS/install/glove/share/ament_index/resource_index
[1.047s] creating /home/justin/glove_ROS/install/glove/share/ament_index/resource_index/packages
[1.047s] error: can't copy 'resource/glove': doesn't exist or not a regular file
[1.069s] Invoked command in '/home/justin/glove_ROS/src/glove' returned '1': PYTHONPATH=/home/justin/glove_ROS/build/glove/prefix_override:/usr/lib/python3/dist-packages/colcon_core/task/python/colcon_distutils_commands:/home/justin/glove_ROS/install/glove/lib/python3.10/site-packages:${PYTHONPATH} /usr/bin/python3 -W ignore:setup.py install is deprecated -W ignore:easy_install command is deprecated setup.py egg_info --egg-base ../../build/glove build --build-base /home/justin/glove_ROS/build/glove/build install --record /home/justin/glove_ROS/build/glove/install.log --single-version-externally-managed install_data
