[0.093s] DEBUG:colcon:Command line arguments: ['/usr/bin/colcon', 'build']
[0.093s] DEBUG:colcon:Parsed command line arguments: Namespace(log_base=None, log_level=None, verb_name='build', build_base='build', install_base='install', merge_install=False, symlink_install=False, test_result_base=None, continue_on_error=False, executor='parallel', parallel_workers=8, event_handlers=None, ignore_user_meta=False, metas=['./colcon.meta'], base_paths=['.'], packages_ignore=None, packages_ignore_regex=None, paths=None, packages_up_to=None, packages_up_to_regex=None, packages_above=None, packages_above_and_dependencies=None, packages_above_depth=None, packages_select_by_dep=None, packages_skip_by_dep=None, packages_skip_up_to=None, packages_select_build_failed=False, packages_skip_build_finished=False, packages_select_test_failures=False, packages_skip_test_passed=False, packages_select=None, packages_skip=None, packages_select_regex=None, packages_skip_regex=None, packages_start=None, packages_end=None, allow_overriding=[], cmake_args=None, cmake_target=None, cmake_target_skip_unavailable=False, cmake_clean_cache=False, cmake_clean_first=False, cmake_force_configure=False, ament_cmake_args=None, catkin_cmake_args=None, catkin_skip_building_tests=False, mixin_files=None, mixin=None, verb_parser=<colcon_mixin.mixin.mixin_argument.MixinArgumentDecorator object at 0x7f84cd624f40>, verb_extension=<colcon_core.verb.build.BuildVerb object at 0x7f84cd7b5e70>, main=<bound method BuildVerb.main of <colcon_core.verb.build.BuildVerb object at 0x7f84cd7b5e70>>, mixin_verb=('build',))
[0.235s] Level 1:colcon.colcon_core.package_discovery:discover_packages(colcon_meta) check parameters
[0.235s] Level 1:colcon.colcon_core.package_discovery:discover_packages(recursive) check parameters
[0.235s] Level 1:colcon.colcon_core.package_discovery:discover_packages(ignore) check parameters
[0.235s] Level 1:colcon.colcon_core.package_discovery:discover_packages(path) check parameters
[0.235s] Level 1:colcon.colcon_core.package_discovery:discover_packages(colcon_meta) discover
[0.235s] Level 1:colcon.colcon_core.package_discovery:discover_packages(recursive) discover
[0.235s] INFO:colcon.colcon_core.package_discovery:Crawling recursively for packages in '/home/justin/glove_ROS'
[0.236s] Level 1:colcon.colcon_core.package_identification:_identify(.) by extensions ['ignore', 'ignore_ament_install']
[0.236s] Level 1:colcon.colcon_core.package_identification:_identify(.) by extension 'ignore'
[0.236s] Level 1:colcon.colcon_core.package_identification:_identify(.) by extension 'ignore_ament_install'
[0.236s] Level 1:colcon.colcon_core.package_identification:_identify(.) by extensions ['colcon_pkg']
[0.236s] Level 1:colcon.colcon_core.package_identification:_identify(.) by extension 'colcon_pkg'
[0.236s] Level 1:colcon.colcon_core.package_identification:_identify(.) by extensions ['colcon_meta']
[0.236s] Level 1:colcon.colcon_core.package_identification:_identify(.) by extension 'colcon_meta'
[0.236s] Level 1:colcon.colcon_core.package_identification:_identify(.) by extensions ['ros']
[0.236s] Level 1:colcon.colcon_core.package_identification:_identify(.) by extension 'ros'
[0.245s] Level 1:colcon.colcon_core.package_identification:_identify(.) by extensions ['cmake', 'python']
[0.245s] Level 1:colcon.colcon_core.package_identification:_identify(.) by extension 'cmake'
[0.245s] Level 1:colcon.colcon_core.package_identification:_identify(.) by extension 'python'
[0.245s] Level 1:colcon.colcon_core.package_identification:_identify(.) by extensions ['python_setup_py']
[0.245s] Level 1:colcon.colcon_core.package_identification:_identify(.) by extension 'python_setup_py'
[0.245s] Level 1:colcon.colcon_core.package_identification:_identify(build) by extensions ['ignore', 'ignore_ament_install']
[0.245s] Level 1:colcon.colcon_core.package_identification:_identify(build) by extension 'ignore'
[0.245s] Level 1:colcon.colcon_core.package_identification:_identify(build) ignored
[0.245s] Level 1:colcon.colcon_core.package_identification:_identify(install) by extensions ['ignore', 'ignore_ament_install']
[0.245s] Level 1:colcon.colcon_core.package_identification:_identify(install) by extension 'ignore'
[0.245s] Level 1:colcon.colcon_core.package_identification:_identify(install) ignored
[0.245s] Level 1:colcon.colcon_core.package_identification:_identify(log) by extensions ['ignore', 'ignore_ament_install']
[0.246s] Level 1:colcon.colcon_core.package_identification:_identify(log) by extension 'ignore'
[0.246s] Level 1:colcon.colcon_core.package_identification:_identify(log) ignored
[0.246s] Level 1:colcon.colcon_core.package_identification:_identify(src) by extensions ['ignore', 'ignore_ament_install']
[0.246s] Level 1:colcon.colcon_core.package_identification:_identify(src) by extension 'ignore'
[0.246s] Level 1:colcon.colcon_core.package_identification:_identify(src) by extension 'ignore_ament_install'
[0.246s] Level 1:colcon.colcon_core.package_identification:_identify(src) by extensions ['colcon_pkg']
[0.246s] Level 1:colcon.colcon_core.package_identification:_identify(src) by extension 'colcon_pkg'
[0.246s] Level 1:colcon.colcon_core.package_identification:_identify(src) by extensions ['colcon_meta']
[0.246s] Level 1:colcon.colcon_core.package_identification:_identify(src) by extension 'colcon_meta'
[0.246s] Level 1:colcon.colcon_core.package_identification:_identify(src) by extensions ['ros']
[0.246s] Level 1:colcon.colcon_core.package_identification:_identify(src) by extension 'ros'
[0.246s] Level 1:colcon.colcon_core.package_identification:_identify(src) by extensions ['cmake', 'python']
[0.246s] Level 1:colcon.colcon_core.package_identification:_identify(src) by extension 'cmake'
[0.246s] Level 1:colcon.colcon_core.package_identification:_identify(src) by extension 'python'
[0.246s] Level 1:colcon.colcon_core.package_identification:_identify(src) by extensions ['python_setup_py']
[0.246s] Level 1:colcon.colcon_core.package_identification:_identify(src) by extension 'python_setup_py'
[0.246s] Level 1:colcon.colcon_core.package_identification:_identify(src/build) by extensions ['ignore', 'ignore_ament_install']
[0.246s] Level 1:colcon.colcon_core.package_identification:_identify(src/build) by extension 'ignore'
[0.246s] Level 1:colcon.colcon_core.package_identification:_identify(src/build) ignored
[0.246s] Level 1:colcon.colcon_core.package_identification:_identify(src/glove) by extensions ['ignore', 'ignore_ament_install']
[0.246s] Level 1:colcon.colcon_core.package_identification:_identify(src/glove) by extension 'ignore'
[0.246s] Level 1:colcon.colcon_core.package_identification:_identify(src/glove) by extension 'ignore_ament_install'
[0.246s] Level 1:colcon.colcon_core.package_identification:_identify(src/glove) by extensions ['colcon_pkg']
[0.247s] Level 1:colcon.colcon_core.package_identification:_identify(src/glove) by extension 'colcon_pkg'
[0.247s] Level 1:colcon.colcon_core.package_identification:_identify(src/glove) by extensions ['colcon_meta']
[0.247s] Level 1:colcon.colcon_core.package_identification:_identify(src/glove) by extension 'colcon_meta'
[0.247s] Level 1:colcon.colcon_core.package_identification:_identify(src/glove) by extensions ['ros']
[0.247s] Level 1:colcon.colcon_core.package_identification:_identify(src/glove) by extension 'ros'
[0.249s] DEBUG:colcon.colcon_core.package_identification:Package 'src/glove' with type 'ros.ament_python' and name 'glove'
[0.249s] Level 1:colcon.colcon_core.package_identification:_identify(src/install) by extensions ['ignore', 'ignore_ament_install']
[0.249s] Level 1:colcon.colcon_core.package_identification:_identify(src/install) by extension 'ignore'
[0.249s] Level 1:colcon.colcon_core.package_identification:_identify(src/install) ignored
[0.249s] Level 1:colcon.colcon_core.package_identification:_identify(src/log) by extensions ['ignore', 'ignore_ament_install']
[0.249s] Level 1:colcon.colcon_core.package_identification:_identify(src/log) by extension 'ignore'
[0.249s] Level 1:colcon.colcon_core.package_identification:_identify(src/log) ignored
[0.249s] Level 1:colcon.colcon_core.package_identification:_identify(src/telekinesis) by extensions ['ignore', 'ignore_ament_install']
[0.249s] Level 1:colcon.colcon_core.package_identification:_identify(src/telekinesis) by extension 'ignore'
[0.249s] Level 1:colcon.colcon_core.package_identification:_identify(src/telekinesis) by extension 'ignore_ament_install'
[0.249s] Level 1:colcon.colcon_core.package_identification:_identify(src/telekinesis) by extensions ['colcon_pkg']
[0.249s] Level 1:colcon.colcon_core.package_identification:_identify(src/telekinesis) by extension 'colcon_pkg'
[0.249s] Level 1:colcon.colcon_core.package_identification:_identify(src/telekinesis) by extensions ['colcon_meta']
[0.249s] Level 1:colcon.colcon_core.package_identification:_identify(src/telekinesis) by extension 'colcon_meta'
[0.249s] Level 1:colcon.colcon_core.package_identification:_identify(src/telekinesis) by extensions ['ros']
[0.249s] Level 1:colcon.colcon_core.package_identification:_identify(src/telekinesis) by extension 'ros'
[0.250s] DEBUG:colcon.colcon_core.package_identification:Package 'src/telekinesis' with type 'ros.ament_python' and name 'telekinesis'
[0.250s] Level 1:colcon.colcon_core.package_discovery:discover_packages(recursive) using defaults
[0.250s] Level 1:colcon.colcon_core.package_discovery:discover_packages(ignore) discover
[0.250s] Level 1:colcon.colcon_core.package_discovery:discover_packages(ignore) using defaults
[0.250s] Level 1:colcon.colcon_core.package_discovery:discover_packages(path) discover
[0.250s] Level 1:colcon.colcon_core.package_discovery:discover_packages(path) using defaults
[0.276s] Level 1:colcon.colcon_core.package_discovery:discover_packages(prefix_path) check parameters
[0.276s] Level 1:colcon.colcon_core.package_discovery:discover_packages(prefix_path) discover
[0.277s] DEBUG:colcon.colcon_installed_package_information.package_discovery:Found 2 installed packages in /home/justin/glove_ROS/install
[0.278s] DEBUG:colcon.colcon_installed_package_information.package_discovery:Found 271 installed packages in /opt/ros/humble
[0.279s] Level 1:colcon.colcon_core.package_discovery:discover_packages(prefix_path) using defaults
[0.311s] Level 5:colcon.colcon_core.verb:set package 'glove' build argument 'cmake_args' from command line to 'None'
[0.311s] Level 5:colcon.colcon_core.verb:set package 'glove' build argument 'cmake_target' from command line to 'None'
[0.311s] Level 5:colcon.colcon_core.verb:set package 'glove' build argument 'cmake_target_skip_unavailable' from command line to 'False'
[0.311s] Level 5:colcon.colcon_core.verb:set package 'glove' build argument 'cmake_clean_cache' from command line to 'False'
[0.311s] Level 5:colcon.colcon_core.verb:set package 'glove' build argument 'cmake_clean_first' from command line to 'False'
[0.311s] Level 5:colcon.colcon_core.verb:set package 'glove' build argument 'cmake_force_configure' from command line to 'False'
[0.311s] Level 5:colcon.colcon_core.verb:set package 'glove' build argument 'ament_cmake_args' from command line to 'None'
[0.311s] Level 5:colcon.colcon_core.verb:set package 'glove' build argument 'catkin_cmake_args' from command line to 'None'
[0.311s] Level 5:colcon.colcon_core.verb:set package 'glove' build argument 'catkin_skip_building_tests' from command line to 'False'
[0.311s] DEBUG:colcon.colcon_core.verb:Building package 'glove' with the following arguments: {'ament_cmake_args': None, 'build_base': '/home/justin/glove_ROS/build/glove', 'catkin_cmake_args': None, 'catkin_skip_building_tests': False, 'cmake_args': None, 'cmake_clean_cache': False, 'cmake_clean_first': False, 'cmake_force_configure': False, 'cmake_target': None, 'cmake_target_skip_unavailable': False, 'install_base': '/home/justin/glove_ROS/install/glove', 'merge_install': False, 'path': '/home/justin/glove_ROS/src/glove', 'symlink_install': False, 'test_result_base': None}
[0.312s] Level 5:colcon.colcon_core.verb:set package 'telekinesis' build argument 'cmake_args' from command line to 'None'
[0.312s] Level 5:colcon.colcon_core.verb:set package 'telekinesis' build argument 'cmake_target' from command line to 'None'
[0.312s] Level 5:colcon.colcon_core.verb:set package 'telekinesis' build argument 'cmake_target_skip_unavailable' from command line to 'False'
[0.312s] Level 5:colcon.colcon_core.verb:set package 'telekinesis' build argument 'cmake_clean_cache' from command line to 'False'
[0.312s] Level 5:colcon.colcon_core.verb:set package 'telekinesis' build argument 'cmake_clean_first' from command line to 'False'
[0.312s] Level 5:colcon.colcon_core.verb:set package 'telekinesis' build argument 'cmake_force_configure' from command line to 'False'
[0.312s] Level 5:colcon.colcon_core.verb:set package 'telekinesis' build argument 'ament_cmake_args' from command line to 'None'
[0.312s] Level 5:colcon.colcon_core.verb:set package 'telekinesis' build argument 'catkin_cmake_args' from command line to 'None'
[0.312s] Level 5:colcon.colcon_core.verb:set package 'telekinesis' build argument 'catkin_skip_building_tests' from command line to 'False'
[0.312s] DEBUG:colcon.colcon_core.verb:Building package 'telekinesis' with the following arguments: {'ament_cmake_args': None, 'build_base': '/home/justin/glove_ROS/build/telekinesis', 'catkin_cmake_args': None, 'catkin_skip_building_tests': False, 'cmake_args': None, 'cmake_clean_cache': False, 'cmake_clean_first': False, 'cmake_force_configure': False, 'cmake_target': None, 'cmake_target_skip_unavailable': False, 'install_base': '/home/justin/glove_ROS/install/telekinesis', 'merge_install': False, 'path': '/home/justin/glove_ROS/src/telekinesis', 'symlink_install': False, 'test_result_base': None}
[0.312s] INFO:colcon.colcon_core.executor:Executing jobs using 'parallel' executor
[0.313s] DEBUG:colcon.colcon_parallel_executor.executor.parallel:run_until_complete
[0.313s] INFO:colcon.colcon_ros.task.ament_python.build:Building ROS package in '/home/justin/glove_ROS/src/glove' with build type 'ament_python'
[0.313s] Level 1:colcon.colcon_core.shell:create_environment_hook('glove', 'ament_prefix_path')
[0.314s] INFO:colcon.colcon_core.plugin_system:Skipping extension 'colcon_core.shell.bat': Not used on non-Windows systems
[0.315s] INFO:colcon.colcon_core.shell:Creating environment hook '/home/justin/glove_ROS/install/glove/share/glove/hook/ament_prefix_path.ps1'
[0.315s] INFO:colcon.colcon_core.shell:Creating environment descriptor '/home/justin/glove_ROS/install/glove/share/glove/hook/ament_prefix_path.dsv'
[0.316s] INFO:colcon.colcon_core.shell:Creating environment hook '/home/justin/glove_ROS/install/glove/share/glove/hook/ament_prefix_path.sh'
[0.316s] INFO:colcon.colcon_core.shell:Skip shell extension 'powershell' for command environment: Not usable outside of PowerShell
[0.316s] DEBUG:colcon.colcon_core.shell:Skip shell extension 'dsv' for command environment
[0.319s] INFO:colcon.colcon_ros.task.ament_python.build:Building ROS package in '/home/justin/glove_ROS/src/telekinesis' with build type 'ament_python'
[0.319s] Level 1:colcon.colcon_core.shell:create_environment_hook('telekinesis', 'ament_prefix_path')
[0.319s] INFO:colcon.colcon_core.shell:Creating environment hook '/home/justin/glove_ROS/install/telekinesis/share/telekinesis/hook/ament_prefix_path.ps1'
[0.320s] INFO:colcon.colcon_core.shell:Creating environment descriptor '/home/justin/glove_ROS/install/telekinesis/share/telekinesis/hook/ament_prefix_path.dsv'
[0.320s] INFO:colcon.colcon_core.shell:Creating environment hook '/home/justin/glove_ROS/install/telekinesis/share/telekinesis/hook/ament_prefix_path.sh'
[0.320s] INFO:colcon.colcon_core.shell:Skip shell extension 'powershell' for command environment: Not usable outside of PowerShell
[0.320s] DEBUG:colcon.colcon_core.shell:Skip shell extension 'dsv' for command environment
[0.571s] INFO:colcon.colcon_core.task.python.build:Building Python package in '/home/justin/glove_ROS/src/glove'
[0.571s] INFO:colcon.colcon_core.shell:Skip shell extension 'powershell' for command environment: Not usable outside of PowerShell
[0.571s] DEBUG:colcon.colcon_core.shell:Skip shell extension 'dsv' for command environment
[0.787s] INFO:colcon.colcon_core.task.python.build:Building Python package in '/home/justin/glove_ROS/src/telekinesis'
[0.788s] INFO:colcon.colcon_core.shell:Skip shell extension 'powershell' for command environment: Not usable outside of PowerShell
[0.788s] DEBUG:colcon.colcon_core.shell:Skip shell extension 'dsv' for command environment
[1.082s] DEBUG:colcon.colcon_core.event_handler.log_command:Invoking command in '/home/justin/glove_ROS/src/telekinesis': PYTHONPATH=/home/justin/glove_ROS/build/telekinesis/prefix_override:/usr/lib/python3/dist-packages/colcon_core/task/python/colcon_distutils_commands:/home/justin/glove_ROS/install/telekinesis/lib/python3.10/site-packages:${PYTHONPATH} /usr/bin/python3 -W ignore:setup.py install is deprecated -W ignore:easy_install command is deprecated setup.py egg_info --egg-base ../../build/telekinesis build --build-base /home/justin/glove_ROS/build/telekinesis/build install --record /home/justin/glove_ROS/build/telekinesis/install.log --single-version-externally-managed install_data
[1.087s] DEBUG:colcon.colcon_core.event_handler.log_command:Invoking command in '/home/justin/glove_ROS/src/glove': PYTHONPATH=/home/justin/glove_ROS/build/glove/prefix_override:/usr/lib/python3/dist-packages/colcon_core/task/python/colcon_distutils_commands:/home/justin/glove_ROS/install/glove/lib/python3.10/site-packages:${PYTHONPATH} /usr/bin/python3 -W ignore:setup.py install is deprecated -W ignore:easy_install command is deprecated setup.py egg_info --egg-base ../../build/glove build --build-base /home/justin/glove_ROS/build/glove/build install --record /home/justin/glove_ROS/build/glove/install.log --single-version-externally-managed install_data
[1.354s] DEBUG:colcon.colcon_core.event_handler.log_command:Invoked command in '/home/justin/glove_ROS/src/telekinesis' returned '0': PYTHONPATH=/home/justin/glove_ROS/build/telekinesis/prefix_override:/usr/lib/python3/dist-packages/colcon_core/task/python/colcon_distutils_commands:/home/justin/glove_ROS/install/telekinesis/lib/python3.10/site-packages:${PYTHONPATH} /usr/bin/python3 -W ignore:setup.py install is deprecated -W ignore:easy_install command is deprecated setup.py egg_info --egg-base ../../build/telekinesis build --build-base /home/justin/glove_ROS/build/telekinesis/build install --record /home/justin/glove_ROS/build/telekinesis/install.log --single-version-externally-managed install_data
[1.356s] Level 1:colcon.colcon_core.environment:checking '/home/justin/glove_ROS/install/telekinesis' for CMake module files
[1.357s] Level 1:colcon.colcon_core.environment:checking '/home/justin/glove_ROS/install/telekinesis' for CMake config files
[1.358s] Level 1:colcon.colcon_core.environment:checking '/home/justin/glove_ROS/install/telekinesis/lib'
[1.358s] Level 1:colcon.colcon_core.environment:checking '/home/justin/glove_ROS/install/telekinesis/bin'
[1.358s] Level 1:colcon.colcon_core.environment:checking '/home/justin/glove_ROS/install/telekinesis/lib/pkgconfig/telekinesis.pc'
[1.358s] Level 1:colcon.colcon_core.environment:checking '/home/justin/glove_ROS/install/telekinesis/lib/python3.10/site-packages'
[1.358s] Level 1:colcon.colcon_core.shell:create_environment_hook('telekinesis', 'pythonpath')
[1.358s] INFO:colcon.colcon_core.shell:Creating environment hook '/home/justin/glove_ROS/install/telekinesis/share/telekinesis/hook/pythonpath.ps1'
[1.359s] INFO:colcon.colcon_core.shell:Creating environment descriptor '/home/justin/glove_ROS/install/telekinesis/share/telekinesis/hook/pythonpath.dsv'
[1.359s] INFO:colcon.colcon_core.shell:Creating environment hook '/home/justin/glove_ROS/install/telekinesis/share/telekinesis/hook/pythonpath.sh'
[1.360s] Level 1:colcon.colcon_core.environment:checking '/home/justin/glove_ROS/install/telekinesis/bin'
[1.360s] Level 1:colcon.colcon_core.environment:create_environment_scripts_only(telekinesis)
[1.360s] INFO:colcon.colcon_core.shell:Creating package script '/home/justin/glove_ROS/install/telekinesis/share/telekinesis/package.ps1'
[1.361s] INFO:colcon.colcon_core.shell:Creating package descriptor '/home/justin/glove_ROS/install/telekinesis/share/telekinesis/package.dsv'
[1.362s] INFO:colcon.colcon_core.shell:Creating package script '/home/justin/glove_ROS/install/telekinesis/share/telekinesis/package.sh'
[1.363s] INFO:colcon.colcon_core.shell:Creating package script '/home/justin/glove_ROS/install/telekinesis/share/telekinesis/package.bash'
[1.363s] INFO:colcon.colcon_core.shell:Creating package script '/home/justin/glove_ROS/install/telekinesis/share/telekinesis/package.zsh'
[1.364s] Level 1:colcon.colcon_core.environment:create_file_with_runtime_dependencies(/home/justin/glove_ROS/install/telekinesis/share/colcon-core/packages/telekinesis)
[1.364s] Level 1:colcon.colcon_core.environment:checking '/home/justin/glove_ROS/install/glove' for CMake module files
[1.365s] Level 1:colcon.colcon_core.environment:checking '/home/justin/glove_ROS/install/glove' for CMake config files
[1.366s] DEBUG:colcon.colcon_core.event_handler.log_command:Invoked command in '/home/justin/glove_ROS/src/glove' returned '0': PYTHONPATH=/home/justin/glove_ROS/build/glove/prefix_override:/usr/lib/python3/dist-packages/colcon_core/task/python/colcon_distutils_commands:/home/justin/glove_ROS/install/glove/lib/python3.10/site-packages:${PYTHONPATH} /usr/bin/python3 -W ignore:setup.py install is deprecated -W ignore:easy_install command is deprecated setup.py egg_info --egg-base ../../build/glove build --build-base /home/justin/glove_ROS/build/glove/build install --record /home/justin/glove_ROS/build/glove/install.log --single-version-externally-managed install_data
[1.366s] Level 1:colcon.colcon_core.environment:checking '/home/justin/glove_ROS/install/glove/lib'
[1.366s] Level 1:colcon.colcon_core.environment:checking '/home/justin/glove_ROS/install/glove/bin'
[1.366s] Level 1:colcon.colcon_core.environment:checking '/home/justin/glove_ROS/install/glove/lib/pkgconfig/glove.pc'
[1.366s] Level 1:colcon.colcon_core.environment:checking '/home/justin/glove_ROS/install/glove/lib/python3.10/site-packages'
[1.366s] Level 1:colcon.colcon_core.shell:create_environment_hook('glove', 'pythonpath')
[1.367s] INFO:colcon.colcon_core.shell:Creating environment hook '/home/justin/glove_ROS/install/glove/share/glove/hook/pythonpath.ps1'
[1.367s] INFO:colcon.colcon_core.shell:Creating environment descriptor '/home/justin/glove_ROS/install/glove/share/glove/hook/pythonpath.dsv'
[1.367s] INFO:colcon.colcon_core.shell:Creating environment hook '/home/justin/glove_ROS/install/glove/share/glove/hook/pythonpath.sh'
[1.368s] Level 1:colcon.colcon_core.environment:checking '/home/justin/glove_ROS/install/glove/bin'
[1.368s] Level 1:colcon.colcon_core.environment:create_environment_scripts_only(glove)
[1.368s] INFO:colcon.colcon_core.shell:Creating package script '/home/justin/glove_ROS/install/glove/share/glove/package.ps1'
[1.369s] INFO:colcon.colcon_core.shell:Creating package descriptor '/home/justin/glove_ROS/install/glove/share/glove/package.dsv'
[1.369s] INFO:colcon.colcon_core.shell:Creating package script '/home/justin/glove_ROS/install/glove/share/glove/package.sh'
[1.370s] INFO:colcon.colcon_core.shell:Creating package script '/home/justin/glove_ROS/install/glove/share/glove/package.bash'
[1.370s] INFO:colcon.colcon_core.shell:Creating package script '/home/justin/glove_ROS/install/glove/share/glove/package.zsh'
[1.370s] Level 1:colcon.colcon_core.environment:create_file_with_runtime_dependencies(/home/justin/glove_ROS/install/glove/share/colcon-core/packages/glove)
[1.371s] DEBUG:colcon.colcon_parallel_executor.executor.parallel:closing loop
[1.371s] DEBUG:colcon.colcon_parallel_executor.executor.parallel:loop closed
[1.371s] DEBUG:colcon.colcon_parallel_executor.executor.parallel:run_until_complete finished with '0'
[1.371s] DEBUG:colcon.colcon_core.event_reactor:joining thread
[1.378s] INFO:colcon.colcon_core.plugin_system:Skipping extension 'colcon_notification.desktop_notification.terminal_notifier': Not used on non-Darwin systems
[1.378s] INFO:colcon.colcon_core.plugin_system:Skipping extension 'colcon_notification.desktop_notification.win32': Not used on non-Windows systems
[1.378s] INFO:colcon.colcon_notification.desktop_notification:Sending desktop notification using 'notify2'
[1.384s] DEBUG:colcon.colcon_core.event_reactor:joined thread
[1.385s] INFO:colcon.colcon_core.shell:Creating prefix script '/home/justin/glove_ROS/install/local_setup.ps1'
[1.386s] INFO:colcon.colcon_core.shell:Creating prefix util module '/home/justin/glove_ROS/install/_local_setup_util_ps1.py'
[1.387s] INFO:colcon.colcon_core.shell:Creating prefix chain script '/home/justin/glove_ROS/install/setup.ps1'
[1.388s] INFO:colcon.colcon_core.shell:Creating prefix script '/home/justin/glove_ROS/install/local_setup.sh'
[1.388s] INFO:colcon.colcon_core.shell:Creating prefix util module '/home/justin/glove_ROS/install/_local_setup_util_sh.py'
[1.389s] INFO:colcon.colcon_core.shell:Creating prefix chain script '/home/justin/glove_ROS/install/setup.sh'
[1.390s] INFO:colcon.colcon_core.shell:Creating prefix script '/home/justin/glove_ROS/install/local_setup.bash'
[1.390s] INFO:colcon.colcon_core.shell:Creating prefix chain script '/home/justin/glove_ROS/install/setup.bash'
[1.391s] INFO:colcon.colcon_core.shell:Creating prefix script '/home/justin/glove_ROS/install/local_setup.zsh'
[1.391s] INFO:colcon.colcon_core.shell:Creating prefix chain script '/home/justin/glove_ROS/install/setup.zsh'
